<?xml version='1.0'?>
<ns2:test-suite xmlns:ns2='urn:model.allure.qatools.yandex.ru' start='1656149893646' stop='1656149901199'>
    <name>E2E - Books Page</name>
    <title>E2E - Books Page</title>
    <test-cases>
        <test-case start='1656149893648' status='passed' stop='1656149899941'>
            <name>Should click on Books tab, and verify url</name>
            <title>Should click on Books tab, and verify url</title>
            <labels>
                <label name='language' value='javascript'/>
                <label name='framework' value='wdio'/>
                <label name='thread' value='0-0'/>
                <label name='language' value='javascript'/>
                <label name='framework' value='wdio'/>
                <label name='thread' value='0-0'/>
            </labels>
            <parameters>
                <parameter kind='argument' name='browser' value='Chrome-103.0.5060.53'/>
                <parameter kind='argument' name='browser' value='Chrome-103.0.5060.53'/>
            </parameters>
            <steps/>
            <attachments/>
        </test-case>
        <test-case start='1656149899941' status='broken' stop='1656149901184'>
            <name>Should sort by price</name>
            <title>Should sort by price</title>
            <labels>
                <label name='language' value='javascript'/>
                <label name='framework' value='wdio'/>
                <label name='thread' value='0-0'/>
            </labels>
            <parameters>
                <parameter kind='argument' name='browser' value='Chrome-103.0.5060.53'/>
            </parameters>
            <steps/>
            <attachments/>
            <failure>
                <message>Evaluation failed: DOMException: Failed to execute 'querySelector' on 'Document': '##select2-selectSort-results' is not a valid selector.
                    at __puppeteer_evaluation_script__:1:33</message>
                <stack-trace>Evaluation failed: DOMException: Failed to execute 'querySelector' on 'Document': '##select2-selectSort-results' is not a valid selector.
                    at __puppeteer_evaluation_script__:1:33
                Error: Evaluation failed: DOMException: Failed to execute 'querySelector' on 'Document': '##select2-selectSort-results' is not a valid selector.
                    at __puppeteer_evaluation_script__:1:33
                    at ExecutionContext._evaluateInternal (C:\Users\anpie\Desktop\Programowanie\WebdriverIO\Automation_Helion\node_modules\puppeteer-core\src\common\ExecutionContext.ts:273:13)
                    at processTicksAndRejections (node:internal/process/task_queues:96:5)
                    at async ElementHandle.evaluateHandle (C:\Users\anpie\Desktop\Programowanie\WebdriverIO\Automation_Helion\node_modules\puppeteer-core\src\common\JSHandle.ts:194:12)
                    at async Object.internalHandler.queryOne (C:\Users\anpie\Desktop\Programowanie\WebdriverIO\Automation_Helion\node_modules\puppeteer-core\src\common\QueryHandler.ts:68:24)
                    at async DOMWorld.$ (C:\Users\anpie\Desktop\Programowanie\WebdriverIO\Automation_Helion\node_modules\puppeteer-core\src\common\DOMWorld.ts:184:19)
                    at async DevToolsDriver.findElement (C:\Users\anpie\Desktop\Programowanie\WebdriverIO\Automation_Helion\node_modules\webdriverio\node_modules\devtools\build\utils.js:89:15)
                    at async Browser.wrappedCommand (C:\Users\anpie\Desktop\Programowanie\WebdriverIO\Automation_Helion\node_modules\webdriverio\node_modules\devtools\build\devtoolsdriver.js:102:26)
                    at async Browser.wrapCommandFn (C:\Users\anpie\Desktop\Programowanie\WebdriverIO\Automation_Helion\node_modules\@wdio\utils\build\shim.js:137:29)
                    at async Browser.$ (C:\Users\anpie\Desktop\Programowanie\WebdriverIO\Automation_Helion\node_modules\webdriverio\build\commands\browser\$.js:91:17)
                    at async Browser.wrapCommandFn (C:\Users\anpie\Desktop\Programowanie\WebdriverIO\Automation_Helion\node_modules\@wdio\utils\build\shim.js:137:29)</stack-trace>
            </failure>
        </test-case>
    </test-cases>
</ns2:test-suite>